C:\USERS\RMW\DESKTOP\XFL_LIDAR64\02_XFL_LIDAR_PROC_DLG\XFL_LIDARPROC_WINDOWS\DEBUG\NJUST_3D64_ENCODE.OBJ
C:\USERS\RMW\DESKTOP\XFL_LIDAR64\02_XFL_LIDAR_PROC_DLG\XFL_LIDARPROC_WINDOWS\DEBUG\NJUST_3D_MAIN.OBJ
C:\USERS\RMW\DESKTOP\XFL_LIDAR64\02_XFL_LIDAR_PROC_DLG\XFL_LIDARPROC_WINDOWS\DEBUG\BMPFILE.OBJ
C:\USERS\RMW\DESKTOP\XFL_LIDAR64\02_XFL_LIDAR_PROC_DLG\XFL_LIDARPROC_WINDOWS\DEBUG\XFL_DEBUGFILE.OBJ
C:\USERS\RMW\DESKTOP\XFL_LIDAR64\02_XFL_LIDAR_PROC_DLG\XFL_LIDARPROC_WINDOWS\DEBUG\XFL_LIDAR64DATATRANSFORM.OBJ
C:\USERS\RMW\DESKTOP\XFL_LIDAR64\02_XFL_LIDAR_PROC_DLG\XFL_LIDARPROC_WINDOWS\DEBUG\XFL_LIDAR64PREPROC.OBJ
C:\USERS\RMW\DESKTOP\XFL_LIDAR64\02_XFL_LIDAR_PROC_DLG\XFL_LIDARPROC_WINDOWS\DEBUG\XFL_LIDAR64PROCFRAME.OBJ
C:\USERS\RMW\DESKTOP\XFL_LIDAR64\02_XFL_LIDAR_PROC_DLG\XFL_LIDARPROC_WINDOWS\DEBUG\XFL_LIDAR64RECEIVEDATA.OBJ
C:\USERS\RMW\DESKTOP\XFL_LIDAR64\02_XFL_LIDAR_PROC_DLG\XFL_LIDARPROC_WINDOWS\DEBUG\XFL_LIDAR64THREAD.OBJ
C:\USERS\RMW\DESKTOP\XFL_LIDAR64\02_XFL_LIDAR_PROC_DLG\XFL_LIDARPROC_WINDOWS\DEBUG\XFL_LIDARPROC_WINDOWS.OBJ
C:\USERS\RMW\DESKTOP\XFL_LIDAR64\02_XFL_LIDAR_PROC_DLG\XFL_LIDARPROC_WINDOWS\DEBUG\XFL_LIDARPROC_WINDOWSDLG.OBJ
C:\USERS\RMW\DESKTOP\XFL_LIDAR64\02_XFL_LIDAR_PROC_DLG\XFL_LIDARPROC_WINDOWS\DEBUG\STDAFX.OBJ
C:\USERS\RMW\DESKTOP\XFL_LIDAR64\02_XFL_LIDAR_PROC_DLG\XFL_LIDARPROC_WINDOWS\DEBUG\VC110.PDB
C:\USERS\RMW\DESKTOP\XFL_LIDAR64\02_XFL_LIDAR_PROC_DLG\XFL_LIDARPROC_WINDOWS\DEBUG\XFL_LIDAR64TOOLS.OBJ
C:\USERS\RMW\DESKTOP\XFL_LIDAR64\02_XFL_LIDAR_PROC_DLG\DEBUG\XFL_LIDARPROC_WINDOWS.ILK
C:\USERS\RMW\DESKTOP\XFL_LIDAR64\02_XFL_LIDAR_PROC_DLG\DEBUG\XFL_LIDARPROC_WINDOWS.EXE
C:\USERS\RMW\DESKTOP\XFL_LIDAR64\02_XFL_LIDAR_PROC_DLG\DEBUG\XFL_LIDARPROC_WINDOWS.PDB
C:\USERS\RMW\DESKTOP\XFL_LIDAR64\02_XFL_LIDAR_PROC_DLG\XFL_LIDARPROC_WINDOWS\DEBUG\XFL_LIDARPROC_WINDOWS.RES
C:\Users\RMW\Desktop\XFL_Lidar64\02_XFL_Lidar_Proc_DLG\XFL_LidarProc_Windows\Debug\bmpFile.obj
C:\Users\RMW\Desktop\XFL_Lidar64\02_XFL_Lidar_Proc_DLG\XFL_LidarProc_Windows\Debug\NJUST_3D64_Encode.obj
C:\Users\RMW\Desktop\XFL_Lidar64\02_XFL_Lidar_Proc_DLG\XFL_LidarProc_Windows\Debug\NJUST_3D_main.obj
C:\Users\RMW\Desktop\XFL_Lidar64\02_XFL_Lidar_Proc_DLG\XFL_LidarProc_Windows\Debug\stdafx.obj
C:\Users\RMW\Desktop\XFL_Lidar64\02_XFL_Lidar_Proc_DLG\XFL_LidarProc_Windows\Debug\XFL_DebugFile.obj
C:\Users\RMW\Desktop\XFL_Lidar64\02_XFL_Lidar_Proc_DLG\XFL_LidarProc_Windows\Debug\XFL_Lidar64DataTransform.obj
C:\Users\RMW\Desktop\XFL_Lidar64\02_XFL_Lidar_Proc_DLG\XFL_LidarProc_Windows\Debug\XFL_Lidar64PreProc.obj
C:\Users\RMW\Desktop\XFL_Lidar64\02_XFL_Lidar_Proc_DLG\XFL_LidarProc_Windows\Debug\XFL_Lidar64ProcFrame.obj
C:\Users\RMW\Desktop\XFL_Lidar64\02_XFL_Lidar_Proc_DLG\XFL_LidarProc_Windows\Debug\XFL_Lidar64ReceiveData.obj
C:\Users\RMW\Desktop\XFL_Lidar64\02_XFL_Lidar_Proc_DLG\XFL_LidarProc_Windows\Debug\XFL_Lidar64Thread.obj
C:\Users\RMW\Desktop\XFL_Lidar64\02_XFL_Lidar_Proc_DLG\XFL_LidarProc_Windows\Debug\XFL_Lidar64Tools.obj
C:\Users\RMW\Desktop\XFL_Lidar64\02_XFL_Lidar_Proc_DLG\XFL_LidarProc_Windows\Debug\XFL_LidarProc_Windows.obj
C:\Users\RMW\Desktop\XFL_Lidar64\02_XFL_Lidar_Proc_DLG\XFL_LidarProc_Windows\Debug\XFL_LidarProc_WindowsDlg.obj
C:\Users\RMW\Desktop\XFL_Lidar64\02_XFL_Lidar_Proc_DLG\XFL_LidarProc_Windows\Debug\cl.command.1.tlog
C:\Users\RMW\Desktop\XFL_Lidar64\02_XFL_Lidar_Proc_DLG\XFL_LidarProc_Windows\Debug\CL.read.1.tlog
C:\Users\RMW\Desktop\XFL_Lidar64\02_XFL_Lidar_Proc_DLG\XFL_LidarProc_Windows\Debug\CL.write.1.tlog
C:\Users\RMW\Desktop\XFL_Lidar64\02_XFL_Lidar_Proc_DLG\XFL_LidarProc_Windows\Debug\link-cvtres.read.1.tlog
C:\Users\RMW\Desktop\XFL_Lidar64\02_XFL_Lidar_Proc_DLG\XFL_LidarProc_Windows\Debug\link-cvtres.write.1.tlog
C:\Users\RMW\Desktop\XFL_Lidar64\02_XFL_Lidar_Proc_DLG\XFL_LidarProc_Windows\Debug\link-mt.read.1.tlog
C:\Users\RMW\Desktop\XFL_Lidar64\02_XFL_Lidar_Proc_DLG\XFL_LidarProc_Windows\Debug\link-mt.write.1.tlog
C:\Users\RMW\Desktop\XFL_Lidar64\02_XFL_Lidar_Proc_DLG\XFL_LidarProc_Windows\Debug\link-rc.read.1.tlog
C:\Users\RMW\Desktop\XFL_Lidar64\02_XFL_Lidar_Proc_DLG\XFL_LidarProc_Windows\Debug\link-rc.write.1.tlog
C:\Users\RMW\Desktop\XFL_Lidar64\02_XFL_Lidar_Proc_DLG\XFL_LidarProc_Windows\Debug\link.3164-cvtres.read.1.tlog
C:\Users\RMW\Desktop\XFL_Lidar64\02_XFL_Lidar_Proc_DLG\XFL_LidarProc_Windows\Debug\link.3164-cvtres.write.1.tlog
C:\Users\RMW\Desktop\XFL_Lidar64\02_XFL_Lidar_Proc_DLG\XFL_LidarProc_Windows\Debug\link.3164-mt.read.1.tlog
C:\Users\RMW\Desktop\XFL_Lidar64\02_XFL_Lidar_Proc_DLG\XFL_LidarProc_Windows\Debug\link.3164-mt.write.1.tlog
C:\Users\RMW\Desktop\XFL_Lidar64\02_XFL_Lidar_Proc_DLG\XFL_LidarProc_Windows\Debug\link.3164-rc.read.1.tlog
C:\Users\RMW\Desktop\XFL_Lidar64\02_XFL_Lidar_Proc_DLG\XFL_LidarProc_Windows\Debug\link.3164-rc.write.1.tlog
C:\Users\RMW\Desktop\XFL_Lidar64\02_XFL_Lidar_Proc_DLG\XFL_LidarProc_Windows\Debug\link.3164.read.1.tlog
C:\Users\RMW\Desktop\XFL_Lidar64\02_XFL_Lidar_Proc_DLG\XFL_LidarProc_Windows\Debug\link.3164.write.1.tlog
C:\Users\RMW\Desktop\XFL_Lidar64\02_XFL_Lidar_Proc_DLG\XFL_LidarProc_Windows\Debug\link.command.1.tlog
C:\Users\RMW\Desktop\XFL_Lidar64\02_XFL_Lidar_Proc_DLG\XFL_LidarProc_Windows\Debug\link.read.1.tlog
C:\Users\RMW\Desktop\XFL_Lidar64\02_XFL_Lidar_Proc_DLG\XFL_LidarProc_Windows\Debug\link.write.1.tlog
C:\Users\RMW\Desktop\XFL_Lidar64\02_XFL_Lidar_Proc_DLG\XFL_LidarProc_Windows\Debug\rc.command.1.tlog
C:\Users\RMW\Desktop\XFL_Lidar64\02_XFL_Lidar_Proc_DLG\XFL_LidarProc_Windows\Debug\rc.read.1.tlog
C:\Users\RMW\Desktop\XFL_Lidar64\02_XFL_Lidar_Proc_DLG\XFL_LidarProc_Windows\Debug\rc.write.1.tlog
C:\Users\RMW\Desktop\XFL_Lidar64\02_XFL_Lidar_Proc_DLG\XFL_LidarProc_Windows\Debug\XFL_LidarProc_Windows.res
C:\Users\RMW\Desktop\XFL_Lidar64\02_XFL_Lidar_Proc_DLG\XFL_LidarProc_Windows\Debug\vc110.idb
C:\Users\RMW\Desktop\XFL_Lidar64\02_XFL_Lidar_Proc_DLG\XFL_LidarProc_Windows\Debug\vc110.pdb
C:\Users\RMW\Desktop\XFL_Lidar64\02_XFL_Lidar_Proc_DLG\Debug\XFL_LidarProc_Windows.pdb
C:\Users\RMW\Desktop\XFL_Lidar64\02_XFL_Lidar_Proc_DLG\Debug\XFL_LidarProc_Windows.exe
C:\Users\RMW\Desktop\XFL_Lidar64\02_XFL_Lidar_Proc_DLG\Debug\XFL_LidarProc_Windows.ilk
