C:\USERS\RMW\DESKTOP\XFL_LIDAR64\02_XFL_LIDAR_PROC_DLG\XFL_LIDARPROC_WINDOWS\RELEASE\STDAFX.OBJ
C:\USERS\RMW\DESKTOP\XFL_LIDAR64\02_XFL_LIDAR_PROC_DLG\XFL_LIDARPROC_WINDOWS\RELEASE\XFL_LIDARPROC_WINDOWSDLG.OBJ
C:\USERS\RMW\DESKTOP\XFL_LIDAR64\02_XFL_LIDAR_PROC_DLG\XFL_LIDARPROC_WINDOWS\RELEASE\XFL_LIDARPROC_WINDOWS.OBJ
C:\USERS\RMW\DESKTOP\XFL_LIDAR64\02_XFL_LIDAR_PROC_DLG\XFL_LIDARPROC_WINDOWS\RELEASE\XFL_LIDAR64TOOLS.OBJ
C:\USERS\RMW\DESKTOP\XFL_LIDAR64\02_XFL_LIDAR_PROC_DLG\XFL_LIDARPROC_WINDOWS\RELEASE\XFL_LIDAR64THREAD.OBJ
C:\USERS\RMW\DESKTOP\XFL_LIDAR64\02_XFL_LIDAR_PROC_DLG\XFL_LIDARPROC_WINDOWS\RELEASE\XFL_LIDAR64RECEIVEDATA.OBJ
C:\USERS\RMW\DESKTOP\XFL_LIDAR64\02_XFL_LIDAR_PROC_DLG\XFL_LIDARPROC_WINDOWS\RELEASE\XFL_LIDAR64PROCFRAME.OBJ
C:\USERS\RMW\DESKTOP\XFL_LIDAR64\02_XFL_LIDAR_PROC_DLG\XFL_LIDARPROC_WINDOWS\RELEASE\XFL_LIDAR64PREPROC.OBJ
C:\USERS\RMW\DESKTOP\XFL_LIDAR64\02_XFL_LIDAR_PROC_DLG\XFL_LIDARPROC_WINDOWS\RELEASE\XFL_LIDAR64DATATRANSFORM.OBJ
C:\USERS\RMW\DESKTOP\XFL_LIDAR64\02_XFL_LIDAR_PROC_DLG\XFL_LIDARPROC_WINDOWS\RELEASE\XFL_DEBUGFILE.OBJ
C:\USERS\RMW\DESKTOP\XFL_LIDAR64\02_XFL_LIDAR_PROC_DLG\XFL_LIDARPROC_WINDOWS\RELEASE\BMPFILE.OBJ
C:\USERS\RMW\DESKTOP\XFL_LIDAR64\02_XFL_LIDAR_PROC_DLG\XFL_LIDARPROC_WINDOWS\RELEASE\NJUST_3D_MAIN.OBJ
C:\USERS\RMW\DESKTOP\XFL_LIDAR64\02_XFL_LIDAR_PROC_DLG\XFL_LIDARPROC_WINDOWS\RELEASE\NJUST_3D64_ENCODE.OBJ
C:\USERS\RMW\DESKTOP\XFL_LIDAR64\02_XFL_LIDAR_PROC_DLG\XFL_LIDARPROC_WINDOWS\RELEASE\VC110.PDB
C:\USERS\RMW\DESKTOP\XFL_LIDAR64\02_XFL_LIDAR_PROC_DLG\RELEASE\XFL_LIDARPROC_WINDOWS.EXE
C:\USERS\RMW\DESKTOP\XFL_LIDAR64\02_XFL_LIDAR_PROC_DLG\RELEASE\XFL_LIDARPROC_WINDOWS.PDB
C:\USERS\RMW\DESKTOP\XFL_LIDAR64\02_XFL_LIDAR_PROC_DLG\XFL_LIDARPROC_WINDOWS\RELEASE\XFL_LIDARPROC_WINDOWS.RES
C:\Users\RMW\Desktop\XFL_Lidar64\02_XFL_Lidar_Proc_DLG\XFL_LidarProc_Windows\Release\bmpFile.obj
C:\Users\RMW\Desktop\XFL_Lidar64\02_XFL_Lidar_Proc_DLG\XFL_LidarProc_Windows\Release\NJUST_3D64_Encode.obj
C:\Users\RMW\Desktop\XFL_Lidar64\02_XFL_Lidar_Proc_DLG\XFL_LidarProc_Windows\Release\NJUST_3D_main.obj
C:\Users\RMW\Desktop\XFL_Lidar64\02_XFL_Lidar_Proc_DLG\XFL_LidarProc_Windows\Release\stdafx.obj
C:\Users\RMW\Desktop\XFL_Lidar64\02_XFL_Lidar_Proc_DLG\XFL_LidarProc_Windows\Release\XFL_DebugFile.obj
C:\Users\RMW\Desktop\XFL_Lidar64\02_XFL_Lidar_Proc_DLG\XFL_LidarProc_Windows\Release\XFL_Lidar64DataTransform.obj
C:\Users\RMW\Desktop\XFL_Lidar64\02_XFL_Lidar_Proc_DLG\XFL_LidarProc_Windows\Release\XFL_Lidar64PreProc.obj
C:\Users\RMW\Desktop\XFL_Lidar64\02_XFL_Lidar_Proc_DLG\XFL_LidarProc_Windows\Release\XFL_Lidar64ProcFrame.obj
C:\Users\RMW\Desktop\XFL_Lidar64\02_XFL_Lidar_Proc_DLG\XFL_LidarProc_Windows\Release\XFL_Lidar64ReceiveData.obj
C:\Users\RMW\Desktop\XFL_Lidar64\02_XFL_Lidar_Proc_DLG\XFL_LidarProc_Windows\Release\XFL_Lidar64Thread.obj
C:\Users\RMW\Desktop\XFL_Lidar64\02_XFL_Lidar_Proc_DLG\XFL_LidarProc_Windows\Release\XFL_Lidar64Tools.obj
C:\Users\RMW\Desktop\XFL_Lidar64\02_XFL_Lidar_Proc_DLG\XFL_LidarProc_Windows\Release\XFL_LidarProc_Windows.obj
C:\Users\RMW\Desktop\XFL_Lidar64\02_XFL_Lidar_Proc_DLG\XFL_LidarProc_Windows\Release\XFL_LidarProc_WindowsDlg.obj
C:\Users\RMW\Desktop\XFL_Lidar64\02_XFL_Lidar_Proc_DLG\XFL_LidarProc_Windows\Release\cl.command.1.tlog
C:\Users\RMW\Desktop\XFL_Lidar64\02_XFL_Lidar_Proc_DLG\XFL_LidarProc_Windows\Release\CL.read.1.tlog
C:\Users\RMW\Desktop\XFL_Lidar64\02_XFL_Lidar_Proc_DLG\XFL_LidarProc_Windows\Release\CL.write.1.tlog
C:\Users\RMW\Desktop\XFL_Lidar64\02_XFL_Lidar_Proc_DLG\XFL_LidarProc_Windows\Release\link-cvtres.read.1.tlog
C:\Users\RMW\Desktop\XFL_Lidar64\02_XFL_Lidar_Proc_DLG\XFL_LidarProc_Windows\Release\link-cvtres.write.1.tlog
C:\Users\RMW\Desktop\XFL_Lidar64\02_XFL_Lidar_Proc_DLG\XFL_LidarProc_Windows\Release\link-mt.read.1.tlog
C:\Users\RMW\Desktop\XFL_Lidar64\02_XFL_Lidar_Proc_DLG\XFL_LidarProc_Windows\Release\link-mt.write.1.tlog
C:\Users\RMW\Desktop\XFL_Lidar64\02_XFL_Lidar_Proc_DLG\XFL_LidarProc_Windows\Release\link-rc.read.1.tlog
C:\Users\RMW\Desktop\XFL_Lidar64\02_XFL_Lidar_Proc_DLG\XFL_LidarProc_Windows\Release\link-rc.write.1.tlog
C:\Users\RMW\Desktop\XFL_Lidar64\02_XFL_Lidar_Proc_DLG\XFL_LidarProc_Windows\Release\link.command.1.tlog
C:\Users\RMW\Desktop\XFL_Lidar64\02_XFL_Lidar_Proc_DLG\XFL_LidarProc_Windows\Release\link.read.1.tlog
C:\Users\RMW\Desktop\XFL_Lidar64\02_XFL_Lidar_Proc_DLG\XFL_LidarProc_Windows\Release\link.write.1.tlog
C:\Users\RMW\Desktop\XFL_Lidar64\02_XFL_Lidar_Proc_DLG\XFL_LidarProc_Windows\Release\rc.command.1.tlog
C:\Users\RMW\Desktop\XFL_Lidar64\02_XFL_Lidar_Proc_DLG\XFL_LidarProc_Windows\Release\rc.read.1.tlog
C:\Users\RMW\Desktop\XFL_Lidar64\02_XFL_Lidar_Proc_DLG\XFL_LidarProc_Windows\Release\rc.write.1.tlog
C:\Users\RMW\Desktop\XFL_Lidar64\02_XFL_Lidar_Proc_DLG\XFL_LidarProc_Windows\Release\XFL_LidarProc_Windows.res
C:\Users\RMW\Desktop\XFL_Lidar64\02_XFL_Lidar_Proc_DLG\XFL_LidarProc_Windows\Release\vc110.pdb
C:\Users\RMW\Desktop\XFL_Lidar64\02_XFL_Lidar_Proc_DLG\Release\XFL_LidarProc_Windows.pdb
C:\Users\RMW\Desktop\XFL_Lidar64\02_XFL_Lidar_Proc_DLG\Release\XFL_LidarProc_Windows.exe
