D:\020_XFL_LIDAR64EXE\XFL_LIDAR64EXE\DEBUG\XFL_LIDAR64EXE.PCH
D:\020_XFL_LIDAR64EXE\XFL_LIDAR64EXE\DEBUG\STDAFX.OBJ
D:\020_XFL_LIDAR64EXE\XFL_LIDAR64EXE\DEBUG\VC110.PDB
D:\020_XFL_LIDAR64EXE\XFL_LIDAR64EXE\DEBUG\CALIBRATION.OBJ
D:\020_XFL_LIDAR64EXE\XFL_LIDAR64EXE\DEBUG\XFL_DEBUGFILE.OBJ
D:\020_XFL_LIDAR64EXE\XFL_LIDAR64EXE\DEBUG\XFL_LIDAR64DATATRANSFORM.OBJ
D:\020_XFL_LIDAR64EXE\XFL_LIDAR64EXE\DEBUG\XFL_LIDAR64PREPROC.OBJ
D:\020_XFL_LIDAR64EXE\XFL_LIDAR64EXE\DEBUG\XFL_LIDAR64PROCFRAME.OBJ
D:\020_XFL_LIDAR64EXE\XFL_LIDAR64EXE\DEBUG\XFL_LIDAR64RECEIVEDATA.OBJ
D:\020_XFL_LIDAR64EXE\XFL_LIDAR64EXE\DEBUG\XFL_LIDAR64THREAD.OBJ
D:\020_XFL_LIDAR64EXE\XFL_LIDAR64EXE\DEBUG\XFL_LIDAR64EXE.OBJ
D:\020_XFL_LIDAR64EXE\XFL_LIDAR64EXE\DEBUG\NJUST_3D64_ENCODE.OBJ
D:\020_XFL_LIDAR64EXE\XFL_LIDAR64EXE\DEBUG\NJUST_3D_MAIN.OBJ
D:\020_XFL_LIDAR64EXE\XFL_LIDAR64EXE\DEBUG\BMPFILE.OBJ
D:\020_XFL_LIDAR64EXE\XFL_LIDAR64EXE\DEBUG\MAIN_WINDOWS.OBJ
D:\020_XFL_LIDAR64EXE\DEBUG\XFL_LIDAR64EXE.ILK
D:\020_XFL_LIDAR64EXE\DEBUG\XFL_LIDAR64EXE.EXE
D:\020_XFL_LIDAR64EXE\DEBUG\XFL_LIDAR64EXE.PDB
D:\020_XFL_Lidar64Exe\XFL_Lidar64Exe\Debug\bmpFile.obj
D:\020_XFL_Lidar64Exe\XFL_Lidar64Exe\Debug\Calibration.obj
D:\020_XFL_Lidar64Exe\XFL_Lidar64Exe\Debug\main_Windows.obj
D:\020_XFL_Lidar64Exe\XFL_Lidar64Exe\Debug\NJUST_3D64_Encode.obj
D:\020_XFL_Lidar64Exe\XFL_Lidar64Exe\Debug\NJUST_3D_main.obj
D:\020_XFL_Lidar64Exe\XFL_Lidar64Exe\Debug\stdafx.obj
D:\020_XFL_Lidar64Exe\XFL_Lidar64Exe\Debug\XFL_DebugFile.obj
D:\020_XFL_Lidar64Exe\XFL_Lidar64Exe\Debug\XFL_Lidar64DataTransform.obj
D:\020_XFL_Lidar64Exe\XFL_Lidar64Exe\Debug\XFL_Lidar64Exe.obj
D:\020_XFL_Lidar64Exe\XFL_Lidar64Exe\Debug\XFL_Lidar64PreProc.obj
D:\020_XFL_Lidar64Exe\XFL_Lidar64Exe\Debug\XFL_Lidar64ProcFrame.obj
D:\020_XFL_Lidar64Exe\XFL_Lidar64Exe\Debug\XFL_Lidar64ReceiveData.obj
D:\020_XFL_Lidar64Exe\XFL_Lidar64Exe\Debug\XFL_Lidar64Thread.obj
D:\020_XFL_Lidar64Exe\XFL_Lidar64Exe\Debug\cl.command.1.tlog
D:\020_XFL_Lidar64Exe\XFL_Lidar64Exe\Debug\CL.read.1.tlog
D:\020_XFL_Lidar64Exe\XFL_Lidar64Exe\Debug\CL.write.1.tlog
D:\020_XFL_Lidar64Exe\XFL_Lidar64Exe\Debug\link-cvtres.read.1.tlog
D:\020_XFL_Lidar64Exe\XFL_Lidar64Exe\Debug\link-cvtres.write.1.tlog
D:\020_XFL_Lidar64Exe\XFL_Lidar64Exe\Debug\link-rc.read.1.tlog
D:\020_XFL_Lidar64Exe\XFL_Lidar64Exe\Debug\link-rc.write.1.tlog
D:\020_XFL_Lidar64Exe\XFL_Lidar64Exe\Debug\link.command.1.tlog
D:\020_XFL_Lidar64Exe\XFL_Lidar64Exe\Debug\link.read.1.tlog
D:\020_XFL_Lidar64Exe\XFL_Lidar64Exe\Debug\link.write.1.tlog
D:\020_XFL_Lidar64Exe\XFL_Lidar64Exe\Debug\XFL_Lidar64Exe.pch
D:\020_XFL_Lidar64Exe\XFL_Lidar64Exe\Debug\vc110.idb
D:\020_XFL_Lidar64Exe\XFL_Lidar64Exe\Debug\vc110.pdb
D:\020_XFL_Lidar64Exe\Debug\XFL_Lidar64Exe.pdb
D:\020_XFL_Lidar64Exe\Debug\XFL_Lidar64Exe.exe
D:\020_XFL_Lidar64Exe\Debug\XFL_Lidar64Exe.ilk
