D:\020_XFL_LIDAR64EXE\XFL_LIDAR64EXE\RELEASE\XFL_LIDAR64EXE.PCH
D:\020_XFL_LIDAR64EXE\XFL_LIDAR64EXE\RELEASE\STDAFX.OBJ
D:\020_XFL_LIDAR64EXE\XFL_LIDAR64EXE\RELEASE\VC110.PDB
D:\020_XFL_LIDAR64EXE\XFL_LIDAR64EXE\RELEASE\XFL_LIDAR64THREAD.OBJ
D:\020_XFL_LIDAR64EXE\XFL_LIDAR64EXE\RELEASE\XFL_LIDAR64RECEIVEDATA.OBJ
D:\020_XFL_LIDAR64EXE\XFL_LIDAR64EXE\RELEASE\XFL_LIDAR64PROCFRAME.OBJ
D:\020_XFL_LIDAR64EXE\XFL_LIDAR64EXE\RELEASE\XFL_LIDAR64PREPROC.OBJ
D:\020_XFL_LIDAR64EXE\XFL_LIDAR64EXE\RELEASE\XFL_DEBUGFILE.OBJ
D:\020_XFL_LIDAR64EXE\XFL_LIDAR64EXE\RELEASE\MAIN_WINDOWS.OBJ
D:\020_XFL_LIDAR64EXE\XFL_LIDAR64EXE\RELEASE\BMPFILE.OBJ
D:\020_XFL_LIDAR64EXE\XFL_LIDAR64EXE\RELEASE\NJUST_3D_MAIN.OBJ
D:\020_XFL_LIDAR64EXE\XFL_LIDAR64EXE\RELEASE\NJUST_3D64_ENCODE.OBJ
D:\020_XFL_LIDAR64EXE\XFL_LIDAR64EXE\RELEASE\XFL_LIDAR64DATATRANSFORM.OBJ
D:\020_XFL_LIDAR64EXE\RELEASE\XFL_LIDAR64EXE.EXE
D:\020_XFL_LIDAR64EXE\RELEASE\XFL_LIDAR64EXE.PDB
D:\020_XFL_Lidar64Exe\XFL_Lidar64Exe\Release\bmpFile.obj
D:\020_XFL_Lidar64Exe\XFL_Lidar64Exe\Release\main_Windows.obj
D:\020_XFL_Lidar64Exe\XFL_Lidar64Exe\Release\NJUST_3D64_Encode.obj
D:\020_XFL_Lidar64Exe\XFL_Lidar64Exe\Release\NJUST_3D_main.obj
D:\020_XFL_Lidar64Exe\XFL_Lidar64Exe\Release\stdafx.obj
D:\020_XFL_Lidar64Exe\XFL_Lidar64Exe\Release\XFL_DebugFile.obj
D:\020_XFL_Lidar64Exe\XFL_Lidar64Exe\Release\XFL_Lidar64DataTransform.obj
D:\020_XFL_Lidar64Exe\XFL_Lidar64Exe\Release\XFL_Lidar64PreProc.obj
D:\020_XFL_Lidar64Exe\XFL_Lidar64Exe\Release\XFL_Lidar64ProcFrame.obj
D:\020_XFL_Lidar64Exe\XFL_Lidar64Exe\Release\XFL_Lidar64ReceiveData.obj
D:\020_XFL_Lidar64Exe\XFL_Lidar64Exe\Release\XFL_Lidar64Thread.obj
D:\020_XFL_Lidar64Exe\XFL_Lidar64Exe\Release\cl.command.1.tlog
D:\020_XFL_Lidar64Exe\XFL_Lidar64Exe\Release\CL.read.1.tlog
D:\020_XFL_Lidar64Exe\XFL_Lidar64Exe\Release\CL.write.1.tlog
D:\020_XFL_Lidar64Exe\XFL_Lidar64Exe\Release\link-cvtres.read.1.tlog
D:\020_XFL_Lidar64Exe\XFL_Lidar64Exe\Release\link-cvtres.write.1.tlog
D:\020_XFL_Lidar64Exe\XFL_Lidar64Exe\Release\link-rc.read.1.tlog
D:\020_XFL_Lidar64Exe\XFL_Lidar64Exe\Release\link-rc.write.1.tlog
D:\020_XFL_Lidar64Exe\XFL_Lidar64Exe\Release\link.command.1.tlog
D:\020_XFL_Lidar64Exe\XFL_Lidar64Exe\Release\link.read.1.tlog
D:\020_XFL_Lidar64Exe\XFL_Lidar64Exe\Release\link.write.1.tlog
D:\020_XFL_Lidar64Exe\XFL_Lidar64Exe\Release\XFL_Lidar64Exe.pch
D:\020_XFL_Lidar64Exe\XFL_Lidar64Exe\Release\vc110.pdb
D:\020_XFL_Lidar64Exe\Release\XFL_Lidar64Exe.pdb
D:\020_XFL_Lidar64Exe\Release\XFL_Lidar64Exe.exe
